This is pdfTeX, Version 3.141592653-2.6-1.40.25 (MiKTeX 24.1) (preloaded format=pdflatex 2025.8.21)  17 MAY 2026 05:39
entering extended mode
 restricted \write18 enabled.
 %&-line parsing enabled.
**./paper.tex
(paper.tex
LaTeX2e <2023-11-01> patch level 1
L3 programming layer <2024-01-04>
(C:\Users\3atreesa\AppData\Roaming\MiKTeX\tex/latex/ieeetran\IEEEtran.cls
Document Class: IEEEtran 2015/08/26 V1.8b by Michael Shell
-- See the "IEEEtran_HOWTO" manual for usage information.
-- http://www.michaelshell.org/tex/ieeetran/
\@IEEEtrantmpdimenA=\dimen140
\@IEEEtrantmpdimenB=\dimen141
\@IEEEtrantmpdimenC=\dimen142
\@IEEEtrantmpcountA=\count187
\@IEEEtrantmpcountB=\count188
\@IEEEtrantmpcountC=\count189
\@IEEEtrantmptoksA=\toks17
LaTeX Font Info:    Trying to load font information for OT1+ptm on input line 5
03.
(C:\Users\3atreesa\AppData\Roaming\MiKTeX\tex/latex/psnfss\ot1ptm.fd
File: ot1ptm.fd 2001/06/04 font definitions for OT1/ptm.
)
-- Using 8.5in x 11in (letter) paper.
-- Using PDF output.
\@IEEEnormalsizeunitybaselineskip=\dimen143
-- This is a 10 point document.
\CLASSINFOnormalsizebaselineskip=\dimen144
\CLASSINFOnormalsizeunitybaselineskip=\dimen145
\IEEEnormaljot=\dimen146
LaTeX Font Info:    Font shape `OT1/ptm/bx/n' in size <5> not available
(Font)              Font shape `OT1/ptm/b/n' tried instead on input line 1090.
LaTeX Font Info:    Font shape `OT1/ptm/bx/it' in size <5> not available
(Font)              Font shape `OT1/ptm/b/it' tried instead on input line 1090.

LaTeX Font Info:    Font shape `OT1/ptm/bx/n' in size <7> not available
(Font)              Font shape `OT1/ptm/b/n' tried instead on input line 1090.
LaTeX Font Info:    Font shape `OT1/ptm/bx/it' in size <7> not available
(Font)              Font shape `OT1/ptm/b/it' tried instead on input line 1090.

LaTeX Font Info:    Font shape `OT1/ptm/bx/n' in size <8> not available
(Font)              Font shape `OT1/ptm/b/n' tried instead on input line 1090.
LaTeX Font Info:    Font shape `OT1/ptm/bx/it' in size <8> not available
(Font)              Font shape `OT1/ptm/b/it' tried instead on input line 1090.

LaTeX Font Info:    Font shape `OT1/ptm/bx/n' in size <9> not available
(Font)              Font shape `OT1/ptm/b/n' tried instead on input line 1090.
LaTeX Font Info:    Font shape `OT1/ptm/bx/it' in size <9> not available
(Font)              Font shape `OT1/ptm/b/it' tried instead on input line 1090.

LaTeX Font Info:    Font shape `OT1/ptm/bx/n' in size <10> not available
(Font)              Font shape `OT1/ptm/b/n' tried instead on input line 1090.
LaTeX Font Info:    Font shape `OT1/ptm/bx/it' in size <10> not available
(Font)              Font shape `OT1/ptm/b/it' tried instead on input line 1090.

LaTeX Font Info:    Font shape `OT1/ptm/bx/n' in size <11> not available
(Font)              Font shape `OT1/ptm/b/n' tried instead on input line 1090.
LaTeX Font Info:    Font shape `OT1/ptm/bx/it' in size <11> not available
(Font)              Font shape `OT1/ptm/b/it' tried instead on input line 1090.

LaTeX Font Info:    Font shape `OT1/ptm/bx/n' in size <12> not available
(Font)              Font shape `OT1/ptm/b/n' tried instead on input line 1090.
LaTeX Font Info:    Font shape `OT1/ptm/bx/it' in size <12> not available
(Font)              Font shape `OT1/ptm/b/it' tried instead on input line 1090.

LaTeX Font Info:    Font shape `OT1/ptm/bx/n' in size <17> not available
(Font)              Font shape `OT1/ptm/b/n' tried instead on input line 1090.
LaTeX Font Info:    Font shape `OT1/ptm/bx/it' in size <17> not available
(Font)              Font shape `OT1/ptm/b/it' tried instead on input line 1090.

LaTeX Font Info:    Font shape `OT1/ptm/bx/n' in size <20> not available
(Font)              Font shape `OT1/ptm/b/n' tried instead on input line 1090.
LaTeX Font Info:    Font shape `OT1/ptm/bx/it' in size <20> not available
(Font)              Font shape `OT1/ptm/b/it' tried instead on input line 1090.

LaTeX Font Info:    Font shape `OT1/ptm/bx/n' in size <24> not available
(Font)              Font shape `OT1/ptm/b/n' tried instead on input line 1090.
LaTeX Font Info:    Font shape `OT1/ptm/bx/it' in size <24> not available
(Font)              Font shape `OT1/ptm/b/it' tried instead on input line 1090.

\IEEEquantizedlength=\dimen147
\IEEEquantizedlengthdiff=\dimen148
\IEEEquantizedtextheightdiff=\dimen149
\IEEEilabelindentA=\dimen150
\IEEEilabelindentB=\dimen151
\IEEEilabelindent=\dimen152
\IEEEelabelindent=\dimen153
\IEEEdlabelindent=\dimen154
\IEEElabelindent=\dimen155
\IEEEiednormlabelsep=\dimen156
\IEEEiedmathlabelsep=\dimen157
\IEEEiedtopsep=\skip48
\c@section=\count190
\c@subsection=\count191
\c@subsubsection=\count192
\c@paragraph=\count193
\c@IEEEsubequation=\count194
\abovecaptionskip=\skip49
\belowcaptionskip=\skip50
\c@figure=\count195
\c@table=\count196
\@IEEEeqnnumcols=\count197
\@IEEEeqncolcnt=\count198
\@IEEEsubeqnnumrollback=\count199
\@IEEEquantizeheightA=\dimen158
\@IEEEquantizeheightB=\dimen159
\@IEEEquantizeheightC=\dimen160
\@IEEEquantizeprevdepth=\dimen161
\@IEEEquantizemultiple=\count266
\@IEEEquantizeboxA=\box51
\@IEEEtmpitemindent=\dimen162
\IEEEPARstartletwidth=\dimen163
\c@IEEEbiography=\count267
\@IEEEtranrubishbin=\box52
)
** ATTENTION: Overriding command lockouts (line 20).
(C:\Users\3atreesa\AppData\Roaming\MiKTeX\tex/latex/cite\cite.sty
LaTeX Info: Redefining \cite on input line 302.
LaTeX Info: Redefining \nocite on input line 332.
Package: cite 2015/02/27  v 5.5
)
(C:\Program Files\MiKTeX\tex/latex/amsmath\amsmath.sty
Package: amsmath 2023/05/13 v2.17o AMS math features
\@mathmargin=\skip51

For additional information on amsmath, use the `?' option.
(C:\Program Files\MiKTeX\tex/latex/amsmath\amstext.sty
Package: amstext 2021/08/26 v2.01 AMS text

(C:\Program Files\MiKTeX\tex/latex/amsmath\amsgen.sty
File: amsgen.sty 1999/11/30 v2.0 generic functions
\@emptytoks=\toks18
\ex@=\dimen164
))
(C:\Program Files\MiKTeX\tex/latex/amsmath\amsbsy.sty
Package: amsbsy 1999/11/29 v1.2d Bold Symbols
\pmbraise@=\dimen165
)
(C:\Program Files\MiKTeX\tex/latex/amsmath\amsopn.sty
Package: amsopn 2022/04/08 v2.04 operator names
)
\inf@bad=\count268
LaTeX Info: Redefining \frac on input line 234.
\uproot@=\count269
\leftroot@=\count270
LaTeX Info: Redefining \overline on input line 399.
LaTeX Info: Redefining \colon on input line 410.
\classnum@=\count271
\DOTSCASE@=\count272
LaTeX Info: Redefining \ldots on input line 496.
LaTeX Info: Redefining \dots on input line 499.
LaTeX Info: Redefining \cdots on input line 620.
\Mathstrutbox@=\box53
\strutbox@=\box54
LaTeX Info: Redefining \big on input line 722.
LaTeX Info: Redefining \Big on input line 723.
LaTeX Info: Redefining \bigg on input line 724.
LaTeX Info: Redefining \Bigg on input line 725.
\big@size=\dimen166
LaTeX Font Info:    Redeclaring font encoding OML on input line 743.
LaTeX Font Info:    Redeclaring font encoding OMS on input line 744.
\macc@depth=\count273
LaTeX Info: Redefining \bmod on input line 905.
LaTeX Info: Redefining \pmod on input line 910.
LaTeX Info: Redefining \smash on input line 940.
LaTeX Info: Redefining \relbar on input line 970.
LaTeX Info: Redefining \Relbar on input line 971.
\c@MaxMatrixCols=\count274
\dotsspace@=\muskip16
\c@parentequation=\count275
\dspbrk@lvl=\count276
\tag@help=\toks19
\row@=\count277
\column@=\count278
\maxfields@=\count279
\andhelp@=\toks20
\eqnshift@=\dimen167
\alignsep@=\dimen168
\tagshift@=\dimen169
\tagwidth@=\dimen170
\totwidth@=\dimen171
\lineht@=\dimen172
\@envbody=\toks21
\multlinegap=\skip52
\multlinetaggap=\skip53
\mathdisplay@stack=\toks22
LaTeX Info: Redefining \[ on input line 2953.
LaTeX Info: Redefining \] on input line 2954.
)
(C:\Program Files\MiKTeX\tex/latex/amsfonts\amssymb.sty
Package: amssymb 2013/01/14 v3.01 AMS font symbols

(C:\Program Files\MiKTeX\tex/latex/amsfonts\amsfonts.sty
Package: amsfonts 2013/01/14 v3.01 Basic AMSFonts support
\symAMSa=\mathgroup4
\symAMSb=\mathgroup5
LaTeX Font Info:    Redeclaring math symbol \hbar on input line 98.
LaTeX Font Info:    Overwriting math alphabet `\mathfrak' in version `bold'
(Font)                  U/euf/m/n --> U/euf/b/n on input line 106.
))
(C:\Program Files\MiKTeX\tex/latex/graphics\graphicx.sty
Package: graphicx 2021/09/16 v1.2d Enhanced LaTeX Graphics (DPC,SPQR)

(C:\Program Files\MiKTeX\tex/latex/graphics\keyval.sty
Package: keyval 2022/05/29 v1.15 key=value parser (DPC)
\KV@toks@=\toks23
)
(C:\Program Files\MiKTeX\tex/latex/graphics\graphics.sty
Package: graphics 2022/03/10 v1.4e Standard LaTeX Graphics (DPC,SPQR)

(C:\Program Files\MiKTeX\tex/latex/graphics\trig.sty
Package: trig 2021/08/11 v1.11 sin cos tan (DPC)
)
(C:\Program Files\MiKTeX\tex/latex/graphics-cfg\graphics.cfg
File: graphics.cfg 2016/06/04 v1.11 sample graphics configuration
)
Package graphics Info: Driver file: pdftex.def on input line 107.

(C:\Program Files\MiKTeX\tex/latex/graphics-def\pdftex.def
File: pdftex.def 2022/09/22 v1.2b Graphics/color driver for pdftex
))
\Gin@req@height=\dimen173
\Gin@req@width=\dimen174
)
(C:\Program Files\MiKTeX\tex/latex/base\textcomp.sty
Package: textcomp 2020/02/02 v2.0n Standard LaTeX package
)
(C:\Users\3atreesa\AppData\Roaming\MiKTeX\tex/latex/booktabs\booktabs.sty
Package: booktabs 2020/01/12 v1.61803398 Publication quality tables
\heavyrulewidth=\dimen175
\lightrulewidth=\dimen176
\cmidrulewidth=\dimen177
\belowrulesep=\dimen178
\belowbottomsep=\dimen179
\aboverulesep=\dimen180
\abovetopsep=\dimen181
\cmidrulesep=\dimen182
\cmidrulekern=\dimen183
\defaultaddspace=\dimen184
\@cmidla=\count280
\@cmidlb=\count281
\@aboverulesep=\dimen185
\@belowrulesep=\dimen186
\@thisruleclass=\count282
\@lastruleclass=\count283
\@thisrulewidth=\dimen187
)
(C:\Program Files\MiKTeX\tex/latex/url\url.sty
\Urlmuskip=\muskip17
Package: url 2013/09/16  ver 3.4  Verb mode for urls, etc.
)
(C:\Program Files\MiKTeX\tex/latex/hyperref\hyperref.sty
Package: hyperref 2023-11-26 v7.01g Hypertext links for LaTeX

(C:\Program Files\MiKTeX\tex/generic/iftex\iftex.sty
Package: iftex 2022/02/03 v1.0f TeX engine tests
)
(C:\Users\3atreesa\AppData\Roaming\MiKTeX\tex/generic/infwarerr\infwarerr.sty
Package: infwarerr 2019/12/03 v1.5 Providing info/warning/error messages (HO)
)
(C:\Users\3atreesa\AppData\Roaming\MiKTeX\tex/latex/kvsetkeys\kvsetkeys.sty
Package: kvsetkeys 2022-10-05 v1.19 Key value parser (HO)
)
(C:\Users\3atreesa\AppData\Roaming\MiKTeX\tex/generic/kvdefinekeys\kvdefinekeys
.sty
Package: kvdefinekeys 2019-12-19 v1.6 Define keys (HO)
)
(C:\Users\3atreesa\AppData\Roaming\MiKTeX\tex/generic/pdfescape\pdfescape.sty
Package: pdfescape 2019/12/09 v1.15 Implements pdfTeX's escape features (HO)

(C:\Users\3atreesa\AppData\Roaming\MiKTeX\tex/generic/ltxcmds\ltxcmds.sty
Package: ltxcmds 2023-12-04 v1.26 LaTeX kernel commands for general use (HO)
)
(C:\Program Files\MiKTeX\tex/generic/pdftexcmds\pdftexcmds.sty
Package: pdftexcmds 2020-06-27 v0.33 Utility functions of pdfTeX for LuaTeX (HO
)
Package pdftexcmds Info: \pdf@primitive is available.
Package pdftexcmds Info: \pdf@ifprimitive is available.
Package pdftexcmds Info: \pdfdraftmode found.
))
(C:\Users\3atreesa\AppData\Roaming\MiKTeX\tex/latex/hycolor\hycolor.sty
Package: hycolor 2020-01-27 v1.10 Color options for hyperref/bookmark (HO)
)
(C:\Users\3atreesa\AppData\Roaming\MiKTeX\tex/latex/letltxmacro\letltxmacro.sty
Package: letltxmacro 2019/12/03 v1.6 Let assignment for LaTeX macros (HO)
) (C:\Users\3atreesa\AppData\Roaming\MiKTeX\tex/latex/auxhook\auxhook.sty
Package: auxhook 2019-12-17 v1.6 Hooks for auxiliary files (HO)
)
(C:\Program Files\MiKTeX\tex/latex/hyperref\nameref.sty
Package: nameref 2023-11-26 v2.56 Cross-referencing by name of section

(C:\Users\3atreesa\AppData\Roaming\MiKTeX\tex/latex/refcount\refcount.sty
Package: refcount 2019/12/15 v3.6 Data extraction from label references (HO)
)
(C:\Users\3atreesa\AppData\Roaming\MiKTeX\tex/generic/gettitlestring\gettitlest
ring.sty
Package: gettitlestring 2019/12/15 v1.6 Cleanup title references (HO)

(C:\Users\3atreesa\AppData\Roaming\MiKTeX\tex/latex/kvoptions\kvoptions.sty
Package: kvoptions 2022-06-15 v3.15 Key value format for package options (HO)
))
\c@section@level=\count284
)
(C:\Program Files\MiKTeX\tex/latex/etoolbox\etoolbox.sty
Package: etoolbox 2020/10/05 v2.5k e-TeX tools for LaTeX (JAW)
\etb@tempcnta=\count285
)
\@linkdim=\dimen188
\Hy@linkcounter=\count286
\Hy@pagecounter=\count287

(C:\Program Files\MiKTeX\tex/latex/hyperref\pd1enc.def
File: pd1enc.def 2023-11-26 v7.01g Hyperref: PDFDocEncoding definition (HO)
Now handling font encoding PD1 ...
... no UTF-8 mapping file for font encoding PD1
)
(C:\Users\3atreesa\AppData\Roaming\MiKTeX\tex/generic/intcalc\intcalc.sty
Package: intcalc 2019/12/15 v1.3 Expandable calculations with integers (HO)
)
\Hy@SavedSpaceFactor=\count288

(C:\Program Files\MiKTeX\tex/latex/hyperref\puenc.def
File: puenc.def 2023-11-26 v7.01g Hyperref: PDF Unicode definition (HO)
Now handling font encoding PU ...
... no UTF-8 mapping file for font encoding PU
)
Package hyperref Info: Hyper figures OFF on input line 4181.
Package hyperref Info: Link nesting OFF on input line 4186.
Package hyperref Info: Hyper index ON on input line 4189.
Package hyperref Info: Plain pages OFF on input line 4196.
Package hyperref Info: Backreferencing OFF on input line 4201.
Package hyperref Info: Implicit mode ON; LaTeX internals redefined.
Package hyperref Info: Bookmarks ON on input line 4448.
\c@Hy@tempcnt=\count289
LaTeX Info: Redefining \url on input line 4786.
\XeTeXLinkMargin=\dimen189

(C:\Users\3atreesa\AppData\Roaming\MiKTeX\tex/generic/bitset\bitset.sty
Package: bitset 2019/12/09 v1.3 Handle bit-vector datatype (HO)

(C:\Users\3atreesa\AppData\Roaming\MiKTeX\tex/generic/bigintcalc\bigintcalc.sty
Package: bigintcalc 2019/12/15 v1.5 Expandable calculations on big integers (HO
)
))
\Fld@menulength=\count290
\Field@Width=\dimen190
\Fld@charsize=\dimen191
Package hyperref Info: Hyper figures OFF on input line 6065.
Package hyperref Info: Link nesting OFF on input line 6070.
Package hyperref Info: Hyper index ON on input line 6073.
Package hyperref Info: backreferencing OFF on input line 6080.
Package hyperref Info: Link coloring OFF on input line 6085.
Package hyperref Info: Link coloring with OCG OFF on input line 6090.
Package hyperref Info: PDF/A mode OFF on input line 6095.
 (C:\Program Files\MiKTeX\tex/latex/base\atbegshi-ltx.sty
Package: atbegshi-ltx 2021/01/10 v1.0c Emulation of the original atbegshi
package with kernel methods
)
\Hy@abspage=\count291
\c@Item=\count292
\c@Hfootnote=\count293
)
Package hyperref Info: Driver (autodetected): hpdftex.

(C:\Program Files\MiKTeX\tex/latex/hyperref\hpdftex.def
File: hpdftex.def 2023-11-26 v7.01g Hyperref driver for pdfTeX

(C:\Program Files\MiKTeX\tex/latex/base\atveryend-ltx.sty
Package: atveryend-ltx 2020/08/19 v1.0a Emulation of the original atveryend pac
kage
with kernel methods
)
\Fld@listcount=\count294
\c@bookmark@seq@number=\count295

(C:\Users\3atreesa\AppData\Roaming\MiKTeX\tex/latex/rerunfilecheck\rerunfileche
ck.sty
Package: rerunfilecheck 2025-06-21 v1.11 Rerun checks for auxiliary files (HO)

(C:\Users\3atreesa\AppData\Roaming\MiKTeX\tex/generic/uniquecounter\uniquecount
er.sty
Package: uniquecounter 2019/12/15 v1.4 Provide unlimited unique counter (HO)
)
Package uniquecounter Info: New unique counter `rerunfilecheck' on input line 2
84.
)
\Hy@SectionHShift=\skip54
) (C:\Users\3atreesa\AppData\Roaming\MiKTeX\tex/latex/subfig\subfig.sty
Package: subfig 2005/06/28 ver: 1.3 subfig package
(C:\Users\3atreesa\AppData\Roaming\MiKTeX\tex/latex/caption\caption3.sty
Package: caption3 2023/07/31 v2.4d caption3 kernel (AR)
\caption@tempdima=\dimen192
\captionmargin=\dimen193
\caption@leftmargin=\dimen194
\caption@rightmargin=\dimen195
\caption@width=\dimen196
\caption@indent=\dimen197
\caption@parindent=\dimen198
\caption@hangindent=\dimen199
Package caption Info: Unknown document class (or package),
(caption)             standard defaults will be used.
Package caption Info: \@makecaption = \long macro:#1#2->\ifx \@captype \@IEEEta
blestring \footnotesize \bgroup \par \centering \@IEEEtabletopskipstrut {\norma
lfont \footnotesize #1}\\{\normalfont \footnotesize \scshape #2}\par \addvspace
 {0.5\baselineskip }\egroup \@IEEEtablecaptionsepspace \else \@IEEEfigurecaptio
nsepspace \setbox \@tempboxa \hbox {\normalfont \footnotesize {#1.}\nobreakspac
e \nobreakspace #2}\ifdim \wd \@tempboxa >\hsize \setbox \@tempboxa \hbox {\nor
malfont \footnotesize {#1.}\nobreakspace \nobreakspace }\parbox [t]{\hsize }{\n
ormalfont \footnotesize \noindent \unhbox \@tempboxa #2}\else \ifCLASSOPTIONcon
ference \hbox to\hsize {\normalfont \footnotesize \hfil \box \@tempboxa \hfil }
\else \hbox to\hsize {\normalfont \footnotesize \box \@tempboxa \hfil }\fi \fi 
\fi  on input line 1175.
)
\c@KVtest=\count296
\sf@farskip=\skip55
\sf@captopadj=\dimen256
\sf@capskip=\skip56
\sf@nearskip=\skip57
\c@subfigure=\count297
\c@subfigure@save=\count298
\c@lofdepth=\count299
\c@subtable=\count300
\c@subtable@save=\count301
\c@lotdepth=\count302
\sf@top=\skip58
\sf@bottom=\skip59
)
(C:\Program Files\MiKTeX\tex/latex/l3backend\l3backend-pdftex.def
File: l3backend-pdftex.def 2024-01-04 L3 backend support: PDF output (pdfTeX)
\l__color_backend_stack_int=\count303
\l__pdf_internal_box=\box55
) (paper.aux)
\openout1 = `paper.aux'.

LaTeX Font Info:    Checking defaults for OML/cmm/m/it on input line 35.
LaTeX Font Info:    ... okay on input line 35.
LaTeX Font Info:    Checking defaults for OMS/cmsy/m/n on input line 35.
LaTeX Font Info:    ... okay on input line 35.
LaTeX Font Info:    Checking defaults for OT1/cmr/m/n on input line 35.
LaTeX Font Info:    ... okay on input line 35.
LaTeX Font Info:    Checking defaults for T1/cmr/m/n on input line 35.
LaTeX Font Info:    ... okay on input line 35.
LaTeX Font Info:    Checking defaults for TS1/cmr/m/n on input line 35.
LaTeX Font Info:    ... okay on input line 35.
LaTeX Font Info:    Checking defaults for OMX/cmex/m/n on input line 35.
LaTeX Font Info:    ... okay on input line 35.
LaTeX Font Info:    Checking defaults for U/cmr/m/n on input line 35.
LaTeX Font Info:    ... okay on input line 35.
LaTeX Font Info:    Checking defaults for PD1/pdf/m/n on input line 35.
LaTeX Font Info:    ... okay on input line 35.
LaTeX Font Info:    Checking defaults for PU/pdf/m/n on input line 35.
LaTeX Font Info:    ... okay on input line 35.

-- Lines per column: 56 (exact).
(C:\Program Files\MiKTeX\tex/context/base/mkii\supp-pdf.mkii
[Loading MPS to PDF converter (version 2006.09.02).]
\scratchcounter=\count304
\scratchdimen=\dimen257
\scratchbox=\box56
\nofMPsegments=\count305
\nofMParguments=\count306
\everyMPshowfont=\toks24
\MPscratchCnt=\count307
\MPscratchDim=\dimen258
\MPnumerator=\count308
\makeMPintoPDFobject=\count309
\everyMPtoPDFconversion=\toks25
) (C:\Program Files\MiKTeX\tex/latex/epstopdf-pkg\epstopdf-base.sty
Package: epstopdf-base 2020-01-24 v2.11 Base part for package epstopdf
Package epstopdf-base Info: Redefining graphics rule for `.eps' on input line 4
85.

(C:\Program Files\MiKTeX\tex/latex/00miktex\epstopdf-sys.cfg
File: epstopdf-sys.cfg 2021/03/18 v2.0 Configuration of epstopdf for MiKTeX
))
Package hyperref Info: Link coloring OFF on input line 35.
 (paper.out)
(paper.out)
\@outlinefile=\write3
\openout3 = `paper.out'.

Package caption Info: Begin \AtBeginDocument code.
Package caption Info: subfig package v1.3 is loaded.
Package caption Info: End \AtBeginDocument code.
LaTeX Font Info:    Trying to load font information for U+msa on input line 66.

 (C:\Program Files\MiKTeX\tex/latex/amsfonts\umsa.fd
File: umsa.fd 2013/01/14 v3.01 AMS symbols A
)
LaTeX Font Info:    Trying to load font information for U+msb on input line 66.


(C:\Program Files\MiKTeX\tex/latex/amsfonts\umsb.fd
File: umsb.fd 2013/01/14 v3.01 AMS symbols B
)
Underfull \hbox (badness 2343) in paragraph at lines 51--72
[]\OT1/ptm/b/it/9 Abstract\OT1/ptm/b/n/9 ---We build, eval-u-ate and de-ploy tw
o com-plete
 []

<figures/fig_data_samples.png, id=96, 1148.49075pt x 466.74374pt>
File: figures/fig_data_samples.png Graphic file (type png)
<use figures/fig_data_samples.png>
Package pdftex.def Info: figures/fig_data_samples.png  used on input line 147.
(pdftex.def)             Requested size: 252.0pt x 102.40617pt.
[1{C:/Users/3atreesa/AppData/Local/MiKTeX/fonts/map/pdftex/pdftex.map}{C:/Progr
am Files/MiKTeX/fonts/enc/dvips/base/8r.enc}


]
LaTeX Font Info:    Trying to load font information for OT1+pcr on input line 1
61.

(C:\Users\3atreesa\AppData\Roaming\MiKTeX\tex/latex/psnfss\ot1pcr.fd
File: ot1pcr.fd 2001/06/04 font definitions for OT1/pcr.
)
<figures/fig_lane_polylines.png, id=126, 1438.173pt x 319.1925pt>
File: figures/fig_lane_polylines.png Graphic file (type png)
<use figures/fig_lane_polylines.png>
Package pdftex.def Info: figures/fig_lane_polylines.png  used on input line 182
.
(pdftex.def)             Requested size: 252.0pt x 55.9277pt.
<figures/fig_lane_label_balance.png, id=127, 498.06075pt x 280.6485pt>
File: figures/fig_lane_label_balance.png Graphic file (type png)
<use figures/fig_lane_label_balance.png>
Package pdftex.def Info: figures/fig_lane_label_balance.png  used on input line
 192.
(pdftex.def)             Requested size: 176.39923pt x 99.39752pt.
<figures/fig_eye_phone_detect.png, id=130, 714.95679pt x 498.663pt>
File: figures/fig_eye_phone_detect.png Graphic file (type png)
<use figures/fig_eye_phone_detect.png>
Package pdftex.def Info: figures/fig_eye_phone_detect.png  used on input line 2
19.
(pdftex.def)             Requested size: 189.0pt x 131.81787pt.

Underfull \hbox (badness 7888) in paragraph at lines 230--236
[]\OT1/ptm/m/n/10 All note-books fix \OT1/pcr/m/n/10 random\OT1/ptm/m/n/10 , \O
T1/pcr/m/n/10 numpy\OT1/ptm/m/n/10 , \OT1/pcr/m/n/10 torch\OT1/ptm/m/n/10 , and

 []


Underfull \hbox (badness 5077) in paragraph at lines 230--236
\OT1/ptm/m/n/10 ror-ing \OT1/pcr/m/n/10 notebooks/00_setup_environment.ipynb\OT
1/ptm/m/n/10 .
 []

<figures/fig_eye_classical.png, id=132, 669.09975pt x 209.583pt>
File: figures/fig_eye_classical.png Graphic file (type png)
<use figures/fig_eye_classical.png>
Package pdftex.def Info: figures/fig_eye_classical.png  used on input line 249.

(pdftex.def)             Requested size: 252.0pt x 78.9324pt.
[2 <./figures/fig_data_samples.png> <./figures/fig_lane_polylines.png> <./figur
es/fig_lane_label_balance.png> <./figures/fig_eye_phone_detect.png>]
<figures/fig_lane_hough.png, id=151, 1003.95074pt x 194.52675pt>
File: figures/fig_lane_hough.png Graphic file (type png)
<use figures/fig_lane_hough.png>
Package pdftex.def Info: figures/fig_lane_hough.png  used on input line 271.
(pdftex.def)             Requested size: 252.0pt x 48.82745pt.
LaTeX Font Info:    Trying to load font information for OMS+ptm on input line 2
93.

(C:\Users\3atreesa\AppData\Roaming\MiKTeX\tex/latex/psnfss\omsptm.fd
File: omsptm.fd 
)
LaTeX Font Info:    Font shape `OMS/ptm/m/n' in size <10> not available
(Font)              Font shape `OMS/cmsy/m/n' tried instead on input line 293.
<figures/fig_eye_train.png, id=154, 860.61525pt x 281.853pt>
File: figures/fig_eye_train.png Graphic file (type png)
<use figures/fig_eye_train.png>
Package pdftex.def Info: figures/fig_eye_train.png  used on input line 356.
(pdftex.def)             Requested size: 252.0pt x 82.5266pt.
<figures/fig_eye_cm_roc.png, id=156, 788.9475pt x 317.988pt>
File: figures/fig_eye_cm_roc.png Graphic file (type png)
<use figures/fig_eye_cm_roc.png>
Package pdftex.def Info: figures/fig_eye_cm_roc.png  used on input line 372.
(pdftex.def)             Requested size: 252.0pt x 101.569pt.
 [3 <./figures/fig_eye_classical.png> <./figures/fig_lane_hough.png>]
<figures/fig_eye_tl_curves.png, id=175, 931.68076pt x 281.853pt>
File: figures/fig_eye_tl_curves.png Graphic file (type png)
<use figures/fig_eye_tl_curves.png>
Package pdftex.def Info: figures/fig_eye_tl_curves.png  used on input line 390.

(pdftex.def)             Requested size: 252.0pt x 76.23465pt.
<figures/fig_eye_params_acc.png, id=176, 571.53525pt x 352.31625pt>
File: figures/fig_eye_params_acc.png Graphic file (type png)
<use figures/fig_eye_params_acc.png>
Package pdftex.def Info: figures/fig_eye_params_acc.png  used on input line 400
.
(pdftex.def)             Requested size: 239.39923pt x 147.57399pt.
<figures/fig_eye_expA.png, id=178, 570.33075pt x 281.25075pt>
File: figures/fig_eye_expA.png Graphic file (type png)
<use figures/fig_eye_expA.png>
Package pdftex.def Info: figures/fig_eye_expA.png  used on input line 424.
(pdftex.def)             Requested size: 80.64185pt x 39.76535pt.
<figures/fig_eye_expB.png, id=179, 570.33075pt x 281.25075pt>
File: figures/fig_eye_expB.png Graphic file (type png)
<use figures/fig_eye_expB.png>
Package pdftex.def Info: figures/fig_eye_expB.png  used on input line 425.
(pdftex.def)             Requested size: 80.64185pt x 39.76535pt.
<figures/fig_eye_expD.png, id=180, 570.33075pt x 281.25075pt>
File: figures/fig_eye_expD.png Graphic file (type png)
<use figures/fig_eye_expD.png>
Package pdftex.def Info: figures/fig_eye_expD.png  used on input line 426.
(pdftex.def)             Requested size: 80.64185pt x 39.76535pt.
<figures/fig_eye_robust.png, id=182, 788.34525pt x 316.7835pt>
File: figures/fig_eye_robust.png Graphic file (type png)
<use figures/fig_eye_robust.png>
Package pdftex.def Info: figures/fig_eye_robust.png  used on input line 442.
(pdftex.def)             Requested size: 252.0pt x 101.26161pt.
<figures/fig_eye_misses.png, id=184, 837.1275pt x 429.40425pt>
File: figures/fig_eye_misses.png Graphic file (type png)
<use figures/fig_eye_misses.png>
Package pdftex.def Info: figures/fig_eye_misses.png  used on input line 458.
(pdftex.def)             Requested size: 252.0pt x 129.26125pt.

Overfull \hbox (2.89227pt too wide) in paragraph at lines 479--494
 [][] 
 []

<figures/fig_pareto.png, id=187, 1003.3485pt x 352.31625pt>
File: figures/fig_pareto.png Graphic file (type png)
<use figures/fig_pareto.png>
Package pdftex.def Info: figures/fig_pareto.png  used on input line 498.
(pdftex.def)             Requested size: 252.0pt x 88.48741pt.
<figures/fig_lane_train.png, id=190, 860.013pt x 281.853pt>
File: figures/fig_lane_train.png Graphic file (type png)
<use figures/fig_lane_train.png>
Package pdftex.def Info: figures/fig_lane_train.png  used on input line 520.
(pdftex.def)             Requested size: 252.0pt x 82.5868pt.
<figures/fig_lane_cnn_cm.png, id=191, 422.17725pt x 354.123pt>
File: figures/fig_lane_cnn_cm.png Graphic file (type png)
<use figures/fig_lane_cnn_cm.png>
Package pdftex.def Info: figures/fig_lane_cnn_cm.png  used on input line 529.
(pdftex.def)             Requested size: 176.39923pt x 147.96333pt.
<figures/fig_lane_misses.png, id=193, 1082.8455pt x 498.663pt>
File: figures/fig_lane_misses.png Graphic file (type png)
<use figures/fig_lane_misses.png>
Package pdftex.def Info: figures/fig_lane_misses.png  used on input line 546.
(pdftex.def)             Requested size: 252.0pt x 116.04446pt.
[4 <./figures/fig_eye_train.png> <./figures/fig_eye_cm_roc.png> <./figures/fig_
eye_tl_curves.png> <./figures/fig_eye_params_acc.png>]
<figures/fig_lane_tl_curves.png, id=213, 1003.95074pt x 281.853pt>
File: figures/fig_lane_tl_curves.png Graphic file (type png)
<use figures/fig_lane_tl_curves.png>
Package pdftex.def Info: figures/fig_lane_tl_curves.png  used on input line 566
.
(pdftex.def)             Requested size: 252.0pt x 70.74692pt.
<figures/fig_lane_tl_cms.png, id=214, 1147.28625pt x 310.15875pt>
File: figures/fig_lane_tl_cms.png Graphic file (type png)
<use figures/fig_lane_tl_cms.png>
Package pdftex.def Info: figures/fig_lane_tl_cms.png  used on input line 575.
(pdftex.def)             Requested size: 252.0pt x 68.12155pt.
<figures/fig_lane_expA.png, id=217, 570.33075pt x 281.25075pt>
File: figures/fig_lane_expA.png Graphic file (type png)
<use figures/fig_lane_expA.png>
Package pdftex.def Info: figures/fig_lane_expA.png  used on input line 596.
(pdftex.def)             Requested size: 120.95892pt x 59.64804pt.
<figures/fig_lane_expD.png, id=218, 570.33075pt x 281.853pt>
File: figures/fig_lane_expD.png Graphic file (type png)
<use figures/fig_lane_expD.png>
Package pdftex.def Info: figures/fig_lane_expD.png  used on input line 597.
(pdftex.def)             Requested size: 120.95892pt x 59.77577pt.
<figures/fig_lane_robust.png, id=220, 859.41075pt x 281.25075pt>
File: figures/fig_lane_robust.png Graphic file (type png)
<use figures/fig_lane_robust.png>
Package pdftex.def Info: figures/fig_lane_robust.png  used on input line 613.
(pdftex.def)             Requested size: 252.0pt x 82.46613pt.
<figures/fig_lane_pi_preds.png, id=224, 1083.44775pt x 498.06075pt>
File: figures/fig_lane_pi_preds.png Graphic file (type png)
<use figures/fig_lane_pi_preds.png>
Package pdftex.def Info: figures/fig_lane_pi_preds.png  used on input line 647.

(pdftex.def)             Requested size: 252.0pt x 115.84352pt.
<figures/fig_eye_s24.png, id=229, 642.68678pt x 316.43936pt>
File: figures/fig_eye_s24.png Graphic file (type png)
<use figures/fig_eye_s24.png>
Package pdftex.def Info: figures/fig_eye_s24.png  used on input line 687.
(pdftex.def)             Requested size: 252.0pt x 124.07718pt.
 [5 <./figures/fig_eye_expA.png> <./figures/fig_eye_expB.png> <./figures/fig_ey
e_expD.png> <./figures/fig_eye_robust.png> <./figures/fig_eye_misses.png>]
<figures/fig_lane_rpi.png, id=260, 921.95871pt x 335.02307pt>
File: figures/fig_lane_rpi.png Graphic file (type png)
<use figures/fig_lane_rpi.png>
Package pdftex.def Info: figures/fig_lane_rpi.png  used on input line 726.
(pdftex.def)             Requested size: 252.0pt x 91.57185pt.
 [6 <./figures/fig_pareto.png> <./figures/fig_lane_train.png> <./figures/fig_la
ne_cnn_cm.png> <./figures/fig_lane_misses.png>]
Underfull \hbox (badness 1540) in paragraph at lines 810--822
[]\OT1/ptm/b/n/10 Failure modes and lessons. \OT1/ptm/m/n/10 The Exp-B and Exp-
D
 []


Underfull \hbox (badness 6220) in paragraph at lines 853--856
[]\OT1/ptm/m/n/8 Real-time driver drowsi-ness de-tec-tion us-ing trans-former a
r-chi-
 []


Underfull \hbox (badness 3449) in paragraph at lines 853--856
\OT1/ptm/m/n/8 tec-tures, Na-ture Sci. Rep., 2025. []$https : / / www . nature 
. com / articles /
 []


Underfull \hbox (badness 10000) in paragraph at lines 858--860
[]\OT1/ptm/m/n/8 TuSimple lane-detection bench-mark. []$https : / / github . co
m / TuSimple /
 []


Underfull \hbox (badness 6428) in paragraph at lines 875--879
\OT1/ptm/m/it/8 Seg-men-ta-tion with Trans-form-ers\OT1/ptm/m/n/8 , NeurIPS, 20
21. We use the
 []


Overfull \hbox (6.3281pt too wide) in paragraph at lines 875--879
\OT1/pcr/m/n/8 nvidia/segformer-b2-finetuned-cityscapes-1024-1024
 []


Underfull \hbox (badness 10000) in paragraph at lines 887--889
[]\OT1/ptm/m/n/8 Intel Open-VINO Toolkit, CPU De-vice doc-u-men-ta-tion.
 []


Underfull \hbox (badness 10000) in paragraph at lines 887--889
[]$\OT1/ptm/m/n/8 https : / / docs . openvino . ai / 2025 / openvino-[]work^^Mo
w / running-[]inference /
 []


** Conference Paper **
Before submitting the final camera ready copy, remember to:

 1. Manually equalize the lengths of two columns on the last page
 of your paper;

 2. Ensure that any PostScript and/or PDF output post-processing
 uses only Type 1 fonts and that every step in the generation
 process uses the appropriate paper size.

[7 <./figures/fig_lane_tl_curves.png> <./figures/fig_lane_tl_cms.png> <./figure
s/fig_lane_expA.png> <./figures/fig_lane_expD.png> <./figures/fig_lane_robust.p
ng>] [8 <./figures/fig_lane_pi_preds.png> <./figures/fig_eye_s24.png> <./figure
s/fig_lane_rpi.png>] (paper.aux)
 ***********
LaTeX2e <2023-11-01> patch level 1
L3 programming layer <2024-01-04>
 ***********
Package rerunfilecheck Info: File `paper.out' has not changed.
(rerunfilecheck)             Checksum: DBA4A8D389ABECE14FD501CE0E6C2698;3076.
 ) 
Here is how much of TeX's memory you used:
 12062 strings out of 474486
 195742 string characters out of 5753561
 1954542 words of memory out of 5000000
 34114 multiletter control sequences out of 15000+600000
 601919 words of font info for 123 fonts, out of 8000000 for 9000
 1141 hyphenation exceptions out of 8191
 75i,10n,79p,590b,469s stack positions out of 10000i,1000n,20000p,200000b,200000s
<C:/Program Files/MiKTeX/fonts/type1/public/amsfonts/cm/cmmi10.pfb><C:/Progra
m Files/MiKTeX/fonts/type1/public/amsfonts/cm/cmmi7.pfb><C:/Program Files/MiKTe
X/fonts/type1/public/amsfonts/cm/cmmi8.pfb><C:/Program Files/MiKTeX/fonts/type1
/public/amsfonts/cm/cmmi9.pfb><C:/Program Files/MiKTeX/fonts/type1/public/amsfo
nts/cm/cmr10.pfb><C:/Program Files/MiKTeX/fonts/type1/public/amsfonts/cm/cmr7.p
fb><C:/Program Files/MiKTeX/fonts/type1/public/amsfonts/cm/cmr8.pfb><C:/Program
 Files/MiKTeX/fonts/type1/public/amsfonts/cm/cmr9.pfb><C:/Program Files/MiKTeX/
fonts/type1/public/amsfonts/cm/cmsy10.pfb><C:/Program Files/MiKTeX/fonts/type1/
public/amsfonts/cm/cmsy7.pfb><C:/Program Files/MiKTeX/fonts/type1/public/amsfon
ts/cm/cmsy8.pfb><C:/Program Files/MiKTeX/fonts/type1/public/amsfonts/cm/cmsy9.p
fb><C:/Program Files/MiKTeX/fonts/type1/urw/courier/ucrr8a.pfb><C:/Program File
s/MiKTeX/fonts/type1/urw/times/utmb8a.pfb><C:/Program Files/MiKTeX/fonts/type1/
urw/times/utmbi8a.pfb><C:/Program Files/MiKTeX/fonts/type1/urw/times/utmr8a.pfb
><C:/Program Files/MiKTeX/fonts/type1/urw/times/utmri8a.pfb>
Output written on paper.pdf (8 pages, 8955524 bytes).
PDF statistics:
 413 PDF objects out of 1000 (max. 8388607)
 82 named destinations out of 1000 (max. 500000)
 296 words of extra memory for PDF output out of 10000 (max. 10000000)

